<?xml version="1.0" encoding="UTF-8"?>
<!-- Generated by org.testng.reporters.JUnitReportReporter -->
<testsuite hostname="LAPTOP-K6JBIRD9" failures="0" tests="2" name="practice.SelectingDropdowns" time="0.034" errors="0" timestamp="2025-08-17T09:31:44 IST" skipped="0">
  <testcase classname="practice.SelectingDropdowns" name="selectDropdowns" time="0.023"/>
  <testcase classname="practice.SelectingDropdowns" name="selectDropdowns2" time="0.011"/>
</testsuite> <!-- practice.SelectingDropdowns -->
